<?xml version="1.0" encoding="UTF-8"?>
<!-- Generated by org.testng.reporters.JUnitXMLReporter -->
<testsuite ignored="1" hostname="Nikhil-Kumar" failures="0" tests="1" name="Default test" time="10.994" errors="0" timestamp="2025-05-03T12:57:50 IST">
  <testcase classname="com.amazon.tests.AmazonPriceTest" name="selectAllFilters" time="7.487"/>
  <testcase classname="com.amazon.tests.AmazonPriceTest" name="checkLowestAndHighestPrice" time="0.0">
    <ignored/>
  </testcase> <!-- checkLowestAndHighestPrice -->
</testsuite> <!-- Default test -->
