<?xml version="1.0" encoding="UTF-8"?>
<testng-results ignored="0" total="1" passed="1" failed="0" skipped="0">
  <reporter-output>
  </reporter-output>
  <suite started-at="2025-05-03T16:06:11 IST" name="Regression Suite" finished-at="2025-05-03T16:06:21 IST" duration-ms="10283">
    <groups>
    </groups>
    <test started-at="2025-05-03T16:06:11 IST" name="Test" finished-at="2025-05-03T16:06:21 IST" duration-ms="10283">
      <class name="com.amazon.tests.AmazonPriceTest">
        <test-method is-config="true" signature="setup()[pri:0, instance:com.amazon.tests.AmazonPriceTest@4df50bcc]" started-at="2025-05-03T16:06:11 IST" name="setup" finished-at="2025-05-03T16:06:14 IST" duration-ms="3042" status="PASS">
          <reporter-output>
          </reporter-output>
        </test-method> <!-- setup -->
        <test-method signature="selectAllFilters()[pri:0, instance:com.amazon.tests.AmazonPriceTest@4df50bcc]" started-at="2025-05-03T16:06:14 IST" name="selectAllFilters" finished-at="2025-05-03T16:06:21 IST" duration-ms="7205" status="PASS">
          <reporter-output>
          </reporter-output>
        </test-method> <!-- selectAllFilters -->
        <test-method is-config="true" signature="tearDown()[pri:0, instance:com.amazon.tests.AmazonPriceTest@4df50bcc]" started-at="2025-05-03T16:06:21 IST" name="tearDown" finished-at="2025-05-03T16:06:21 IST" duration-ms="1" status="PASS">
          <reporter-output>
          </reporter-output>
        </test-method> <!-- tearDown -->
      </class> <!-- com.amazon.tests.AmazonPriceTest -->
    </test> <!-- Test -->
  </suite> <!-- Regression Suite -->
</testng-results>
