<?xml version="1.0" encoding="UTF-8"?>
<testng-results ignored="0" total="1" passed="1" failed="0" skipped="0">
  <reporter-output>
  </reporter-output>
  <suite started-at="2025-05-03T12:57:39 IST" name="Default suite" finished-at="2025-05-03T12:57:50 IST" duration-ms="10994">
    <groups>
    </groups>
    <test started-at="2025-05-03T12:57:39 IST" name="Default test" finished-at="2025-05-03T12:57:50 IST" duration-ms="10994">
      <class name="com.amazon.tests.AmazonPriceTest">
        <test-method is-config="true" signature="setup()[pri:0, instance:com.amazon.tests.AmazonPriceTest@3c19aaa5]" started-at="2025-05-03T12:57:39 IST" name="setup" finished-at="2025-05-03T12:57:42 IST" duration-ms="3464" status="PASS">
          <reporter-output>
          </reporter-output>
        </test-method> <!-- setup -->
        <test-method signature="selectAllFilters()[pri:0, instance:com.amazon.tests.AmazonPriceTest@3c19aaa5]" started-at="2025-05-03T12:57:42 IST" name="selectAllFilters" finished-at="2025-05-03T12:57:50 IST" duration-ms="7487" status="PASS">
          <reporter-output>
          </reporter-output>
        </test-method> <!-- selectAllFilters -->
        <test-method is-config="true" signature="tearDown()[pri:0, instance:com.amazon.tests.AmazonPriceTest@3c19aaa5]" started-at="2025-05-03T12:57:50 IST" name="tearDown" finished-at="2025-05-03T12:57:50 IST" duration-ms="0" status="PASS">
          <reporter-output>
          </reporter-output>
        </test-method> <!-- tearDown -->
      </class> <!-- com.amazon.tests.AmazonPriceTest -->
    </test> <!-- Default test -->
  </suite> <!-- Default suite -->
</testng-results>
